2019-10-17 16:07:57.248 [main] INFO  com.chongba.schedule.TaskServiceTest.logStarting:50 - Starting TaskServiceTest on LAPTOP-DALSADDF with PID 10100 (started by tanshuai in E:\itheima\充吧录课\code\chongba_parent\chongba_schedule_service)
2019-10-17 16:07:57.359 [main] INFO  com.chongba.schedule.TaskServiceTest.logStartupProfileInfo:675 - No active profile set, falling back to default profiles: default
2019-10-17 16:08:00.289 [main] INFO  o.s.d.repository.config.RepositoryConfigurationDelegate.multipleStoresDetected:244 - Multiple Spring Data modules found, entering strict repository configuration mode!
2019-10-17 16:08:00.296 [main] INFO  o.s.d.repository.config.RepositoryConfigurationDelegate.registerRepositoriesIn:126 - Bootstrapping Spring Data repositories in DEFAULT mode.
2019-10-17 16:08:01.018 [main] INFO  o.s.d.repository.config.RepositoryConfigurationDelegate.registerRepositoriesIn:182 - Finished Spring Data repository scanning in 38ms. Found 0 repository interfaces.
2019-10-17 16:08:01.872 [main] INFO  o.s.c.s.PostProcessorRegistrationDelegate$BeanPostProcessorChecker.postProcessAfterInitialization:330 - Bean 'org.springframework.transaction.annotation.ProxyTransactionManagementConfiguration' of type [org.springframework.transaction.annotation.ProxyTransactionManagementConfiguration$$EnhancerBySpringCGLIB$$4c40cfb0] is not eligible for getting processed by all BeanPostProcessors (for example: not eligible for auto-proxying)
2019-10-17 16:08:02.428 [main] INFO  com.zaxxer.hikari.HikariDataSource.getConnection:110 - HikariPool-1 - Starting...
2019-10-17 16:08:07.841 [main] INFO  com.zaxxer.hikari.HikariDataSource.getConnection:123 - HikariPool-1 - Start completed.
2019-10-17 16:08:09.121 [main] INFO  o.s.scheduling.concurrent.ThreadPoolTaskScheduler.initialize:171 - Initializing ExecutorService 'taskScheduler'
2019-10-17 16:08:09.167 [main] INFO  o.s.scheduling.concurrent.ThreadPoolTaskExecutor.initialize:171 - Initializing ExecutorService
2019-10-17 16:08:09.207 [main] INFO  o.s.scheduling.concurrent.ThreadPoolTaskExecutor.initialize:171 - Initializing ExecutorService 'mythreadpool'
2019-10-17 16:08:09.508 [scheduling-1] INFO  io.lettuce.core.EpollProvider.<clinit>:68 - Starting without optional epoll library
2019-10-17 16:08:09.511 [scheduling-1] INFO  io.lettuce.core.KqueueProvider.<clinit>:70 - Starting without optional kqueue library
2019-10-17 16:08:12.047 [main] INFO  com.chongba.schedule.TaskServiceTest.logStarted:59 - Started TaskServiceTest in 16.239 seconds (JVM running for 17.884)
2019-10-17 16:08:19.838 [Thread-2] INFO  o.s.scheduling.concurrent.ThreadPoolTaskExecutor.shutdown:208 - Shutting down ExecutorService 'mythreadpool'
2019-10-17 16:08:19.839 [Thread-2] INFO  o.s.scheduling.concurrent.ThreadPoolTaskScheduler.shutdown:208 - Shutting down ExecutorService 'taskScheduler'
2019-10-17 16:08:20.979 [Thread-2] INFO  com.zaxxer.hikari.HikariDataSource.close:350 - HikariPool-1 - Shutdown initiated...
2019-10-17 16:08:20.993 [Thread-2] INFO  com.zaxxer.hikari.HikariDataSource.close:352 - HikariPool-1 - Shutdown completed.
2019-10-17 16:12:34.978 [main] INFO  com.chongba.schedule.TaskServiceTest.logStarting:50 - Starting TaskServiceTest on LAPTOP-DALSADDF with PID 9192 (started by tanshuai in E:\itheima\充吧录课\code\chongba_parent\chongba_schedule_service)
2019-10-17 16:12:34.982 [main] INFO  com.chongba.schedule.TaskServiceTest.logStartupProfileInfo:675 - No active profile set, falling back to default profiles: default
2019-10-17 16:12:37.362 [main] INFO  o.s.d.repository.config.RepositoryConfigurationDelegate.multipleStoresDetected:244 - Multiple Spring Data modules found, entering strict repository configuration mode!
2019-10-17 16:12:37.369 [main] INFO  o.s.d.repository.config.RepositoryConfigurationDelegate.registerRepositoriesIn:126 - Bootstrapping Spring Data repositories in DEFAULT mode.
2019-10-17 16:12:37.483 [main] INFO  o.s.d.repository.config.RepositoryConfigurationDelegate.registerRepositoriesIn:182 - Finished Spring Data repository scanning in 43ms. Found 0 repository interfaces.
2019-10-17 16:12:38.257 [main] INFO  o.s.c.s.PostProcessorRegistrationDelegate$BeanPostProcessorChecker.postProcessAfterInitialization:330 - Bean 'org.springframework.transaction.annotation.ProxyTransactionManagementConfiguration' of type [org.springframework.transaction.annotation.ProxyTransactionManagementConfiguration$$EnhancerBySpringCGLIB$$4c40cfb0] is not eligible for getting processed by all BeanPostProcessors (for example: not eligible for auto-proxying)
2019-10-17 16:12:38.852 [main] INFO  com.zaxxer.hikari.HikariDataSource.getConnection:110 - HikariPool-1 - Starting...
2019-10-17 16:12:40.116 [main] INFO  com.zaxxer.hikari.HikariDataSource.getConnection:123 - HikariPool-1 - Start completed.
2019-10-17 16:12:41.550 [main] INFO  o.s.scheduling.concurrent.ThreadPoolTaskScheduler.initialize:171 - Initializing ExecutorService 'taskScheduler'
2019-10-17 16:12:41.606 [main] INFO  o.s.scheduling.concurrent.ThreadPoolTaskExecutor.initialize:171 - Initializing ExecutorService
2019-10-17 16:12:41.626 [main] INFO  o.s.scheduling.concurrent.ThreadPoolTaskExecutor.initialize:171 - Initializing ExecutorService 'mythreadpool'
2019-10-17 16:12:41.959 [scheduling-1] INFO  io.lettuce.core.EpollProvider.<clinit>:68 - Starting without optional epoll library
2019-10-17 16:12:41.963 [scheduling-1] INFO  io.lettuce.core.KqueueProvider.<clinit>:70 - Starting without optional kqueue library
2019-10-17 16:12:44.611 [main] INFO  com.chongba.schedule.TaskServiceTest.logStarted:59 - Started TaskServiceTest in 11.21 seconds (JVM running for 12.799)
2019-10-17 16:20:47.226 [main] INFO  com.chongba.schedule.TaskServiceTest.logStarting:50 - Starting TaskServiceTest on LAPTOP-DALSADDF with PID 8380 (started by tanshuai in E:\itheima\充吧录课\code\chongba_parent\chongba_schedule_service)
2019-10-17 16:20:47.230 [main] INFO  com.chongba.schedule.TaskServiceTest.logStartupProfileInfo:675 - No active profile set, falling back to default profiles: default
2019-10-17 16:20:49.693 [main] INFO  o.s.d.repository.config.RepositoryConfigurationDelegate.multipleStoresDetected:244 - Multiple Spring Data modules found, entering strict repository configuration mode!
2019-10-17 16:20:49.699 [main] INFO  o.s.d.repository.config.RepositoryConfigurationDelegate.registerRepositoriesIn:126 - Bootstrapping Spring Data repositories in DEFAULT mode.
2019-10-17 16:20:49.825 [main] INFO  o.s.d.repository.config.RepositoryConfigurationDelegate.registerRepositoriesIn:182 - Finished Spring Data repository scanning in 68ms. Found 0 repository interfaces.
2019-10-17 16:20:51.069 [main] INFO  o.s.c.s.PostProcessorRegistrationDelegate$BeanPostProcessorChecker.postProcessAfterInitialization:330 - Bean 'org.springframework.transaction.annotation.ProxyTransactionManagementConfiguration' of type [org.springframework.transaction.annotation.ProxyTransactionManagementConfiguration$$EnhancerBySpringCGLIB$$c15de8f3] is not eligible for getting processed by all BeanPostProcessors (for example: not eligible for auto-proxying)
2019-10-17 16:20:51.983 [main] INFO  com.zaxxer.hikari.HikariDataSource.getConnection:110 - HikariPool-1 - Starting...
2019-10-17 16:20:53.997 [main] INFO  com.zaxxer.hikari.HikariDataSource.getConnection:123 - HikariPool-1 - Start completed.
2019-10-17 16:20:55.478 [main] INFO  o.s.scheduling.concurrent.ThreadPoolTaskScheduler.initialize:171 - Initializing ExecutorService 'taskScheduler'
2019-10-17 16:20:55.540 [main] INFO  o.s.scheduling.concurrent.ThreadPoolTaskExecutor.initialize:171 - Initializing ExecutorService
2019-10-17 16:20:55.559 [main] INFO  o.s.scheduling.concurrent.ThreadPoolTaskExecutor.initialize:171 - Initializing ExecutorService 'mythreadpool'
2019-10-17 16:20:55.966 [scheduling-1] INFO  io.lettuce.core.EpollProvider.<clinit>:68 - Starting without optional epoll library
2019-10-17 16:20:55.986 [scheduling-1] INFO  io.lettuce.core.KqueueProvider.<clinit>:70 - Starting without optional kqueue library
2019-10-17 16:20:58.776 [main] INFO  com.chongba.schedule.TaskServiceTest.logStarted:59 - Started TaskServiceTest in 13.38 seconds (JVM running for 15.373)
