2019-10-17 15:13:28.571 [main] INFO  com.chongba.schedule.TaskServiceTest.logStarting:50 - Starting TaskServiceTest on LAPTOP-DALSADDF with PID 13684 (started by tanshuai in E:\itheima\充吧录课\code\chongba_parent\chongba_schedule_service)
2019-10-17 15:13:28.573 [main] INFO  com.chongba.schedule.TaskServiceTest.logStartupProfileInfo:675 - No active profile set, falling back to default profiles: default
2019-10-17 15:13:31.836 [main] INFO  o.s.d.repository.config.RepositoryConfigurationDelegate.multipleStoresDetected:244 - Multiple Spring Data modules found, entering strict repository configuration mode!
2019-10-17 15:13:31.855 [main] INFO  o.s.d.repository.config.RepositoryConfigurationDelegate.registerRepositoriesIn:126 - Bootstrapping Spring Data repositories in DEFAULT mode.
2019-10-17 15:13:31.984 [main] INFO  o.s.d.repository.config.RepositoryConfigurationDelegate.registerRepositoriesIn:182 - Finished Spring Data repository scanning in 42ms. Found 0 repository interfaces.
2019-10-17 15:13:32.941 [main] INFO  o.s.c.s.PostProcessorRegistrationDelegate$BeanPostProcessorChecker.postProcessAfterInitialization:330 - Bean 'org.springframework.transaction.annotation.ProxyTransactionManagementConfiguration' of type [org.springframework.transaction.annotation.ProxyTransactionManagementConfiguration$$EnhancerBySpringCGLIB$$aa024291] is not eligible for getting processed by all BeanPostProcessors (for example: not eligible for auto-proxying)
2019-10-17 15:13:33.627 [main] INFO  com.zaxxer.hikari.HikariDataSource.getConnection:110 - HikariPool-1 - Starting...
2019-10-17 15:13:35.078 [main] INFO  com.zaxxer.hikari.HikariDataSource.getConnection:123 - HikariPool-1 - Start completed.
2019-10-17 15:13:44.274 [main] INFO  o.s.scheduling.concurrent.ThreadPoolTaskScheduler.initialize:171 - Initializing ExecutorService 'taskScheduler'
2019-10-17 15:13:44.328 [main] INFO  o.s.scheduling.concurrent.ThreadPoolTaskExecutor.initialize:171 - Initializing ExecutorService
2019-10-17 15:13:44.359 [main] INFO  o.s.scheduling.concurrent.ThreadPoolTaskExecutor.initialize:171 - Initializing ExecutorService 'mythreadpool'
2019-10-17 15:13:44.919 [scheduling-1] INFO  io.lettuce.core.EpollProvider.<clinit>:68 - Starting without optional epoll library
2019-10-17 15:13:44.941 [scheduling-1] INFO  io.lettuce.core.KqueueProvider.<clinit>:70 - Starting without optional kqueue library
2019-10-17 15:14:01.237 [main] INFO  com.chongba.schedule.TaskServiceTest.logStarted:59 - Started TaskServiceTest in 34.393 seconds (JVM running for 41.836)
2019-10-17 15:15:54.863 [Thread-2] INFO  o.s.scheduling.concurrent.ThreadPoolTaskExecutor.shutdown:208 - Shutting down ExecutorService 'mythreadpool'
2019-10-17 15:15:54.864 [Thread-2] INFO  o.s.scheduling.concurrent.ThreadPoolTaskScheduler.shutdown:208 - Shutting down ExecutorService 'taskScheduler'
2019-10-17 15:15:56.025 [Thread-2] INFO  com.zaxxer.hikari.HikariDataSource.close:350 - HikariPool-1 - Shutdown initiated...
2019-10-17 15:15:56.037 [Thread-2] INFO  com.zaxxer.hikari.HikariDataSource.close:352 - HikariPool-1 - Shutdown completed.
2019-10-17 15:16:46.177 [main] INFO  com.chongba.schedule.TaskServiceTest.logStarting:50 - Starting TaskServiceTest on LAPTOP-DALSADDF with PID 11864 (started by tanshuai in E:\itheima\充吧录课\code\chongba_parent\chongba_schedule_service)
2019-10-17 15:16:46.182 [main] INFO  com.chongba.schedule.TaskServiceTest.logStartupProfileInfo:675 - No active profile set, falling back to default profiles: default
2019-10-17 15:16:49.177 [main] INFO  o.s.d.repository.config.RepositoryConfigurationDelegate.multipleStoresDetected:244 - Multiple Spring Data modules found, entering strict repository configuration mode!
2019-10-17 15:16:49.180 [main] INFO  o.s.d.repository.config.RepositoryConfigurationDelegate.registerRepositoriesIn:126 - Bootstrapping Spring Data repositories in DEFAULT mode.
2019-10-17 15:16:49.269 [main] INFO  o.s.d.repository.config.RepositoryConfigurationDelegate.registerRepositoriesIn:182 - Finished Spring Data repository scanning in 49ms. Found 0 repository interfaces.
2019-10-17 15:16:50.418 [main] INFO  o.s.c.s.PostProcessorRegistrationDelegate$BeanPostProcessorChecker.postProcessAfterInitialization:330 - Bean 'org.springframework.transaction.annotation.ProxyTransactionManagementConfiguration' of type [org.springframework.transaction.annotation.ProxyTransactionManagementConfiguration$$EnhancerBySpringCGLIB$$5f51d7f3] is not eligible for getting processed by all BeanPostProcessors (for example: not eligible for auto-proxying)
2019-10-17 15:16:51.080 [main] INFO  com.zaxxer.hikari.HikariDataSource.getConnection:110 - HikariPool-1 - Starting...
2019-10-17 15:16:53.833 [main] INFO  com.zaxxer.hikari.HikariDataSource.getConnection:123 - HikariPool-1 - Start completed.
2019-10-17 15:16:55.227 [main] INFO  o.s.scheduling.concurrent.ThreadPoolTaskScheduler.initialize:171 - Initializing ExecutorService 'taskScheduler'
2019-10-17 15:16:55.294 [main] INFO  o.s.scheduling.concurrent.ThreadPoolTaskExecutor.initialize:171 - Initializing ExecutorService
2019-10-17 15:16:55.425 [main] INFO  o.s.scheduling.concurrent.ThreadPoolTaskExecutor.initialize:171 - Initializing ExecutorService 'mythreadpool'
2019-10-17 15:16:56.131 [scheduling-1] INFO  io.lettuce.core.EpollProvider.<clinit>:68 - Starting without optional epoll library
2019-10-17 15:16:56.135 [scheduling-1] INFO  io.lettuce.core.KqueueProvider.<clinit>:70 - Starting without optional kqueue library
2019-10-17 15:17:00.609 [main] INFO  com.chongba.schedule.TaskServiceTest.logStarted:59 - Started TaskServiceTest in 16.169 seconds (JVM running for 18.888)
2019-10-17 15:17:12.723 [Thread-2] INFO  o.s.scheduling.concurrent.ThreadPoolTaskExecutor.shutdown:208 - Shutting down ExecutorService 'mythreadpool'
2019-10-17 15:17:12.725 [Thread-2] INFO  o.s.scheduling.concurrent.ThreadPoolTaskScheduler.shutdown:208 - Shutting down ExecutorService 'taskScheduler'
2019-10-17 15:17:13.855 [Thread-2] INFO  com.zaxxer.hikari.HikariDataSource.close:350 - HikariPool-1 - Shutdown initiated...
2019-10-17 15:17:13.870 [Thread-2] INFO  com.zaxxer.hikari.HikariDataSource.close:352 - HikariPool-1 - Shutdown completed.
2019-10-17 15:17:38.478 [main] INFO  com.chongba.schedule.TaskServiceTest.logStarting:50 - Starting TaskServiceTest on LAPTOP-DALSADDF with PID 16832 (started by tanshuai in E:\itheima\充吧录课\code\chongba_parent\chongba_schedule_service)
2019-10-17 15:17:38.482 [main] INFO  com.chongba.schedule.TaskServiceTest.logStartupProfileInfo:675 - No active profile set, falling back to default profiles: default
2019-10-17 15:17:41.105 [main] INFO  o.s.d.repository.config.RepositoryConfigurationDelegate.multipleStoresDetected:244 - Multiple Spring Data modules found, entering strict repository configuration mode!
2019-10-17 15:17:41.111 [main] INFO  o.s.d.repository.config.RepositoryConfigurationDelegate.registerRepositoriesIn:126 - Bootstrapping Spring Data repositories in DEFAULT mode.
2019-10-17 15:17:41.201 [main] INFO  o.s.d.repository.config.RepositoryConfigurationDelegate.registerRepositoriesIn:182 - Finished Spring Data repository scanning in 43ms. Found 0 repository interfaces.
2019-10-17 15:17:42.393 [main] INFO  o.s.c.s.PostProcessorRegistrationDelegate$BeanPostProcessorChecker.postProcessAfterInitialization:330 - Bean 'org.springframework.transaction.annotation.ProxyTransactionManagementConfiguration' of type [org.springframework.transaction.annotation.ProxyTransactionManagementConfiguration$$EnhancerBySpringCGLIB$$7d2e9d50] is not eligible for getting processed by all BeanPostProcessors (for example: not eligible for auto-proxying)
2019-10-17 15:17:43.054 [main] INFO  com.zaxxer.hikari.HikariDataSource.getConnection:110 - HikariPool-1 - Starting...
2019-10-17 15:17:44.391 [main] INFO  com.zaxxer.hikari.HikariDataSource.getConnection:123 - HikariPool-1 - Start completed.
2019-10-17 15:17:45.935 [main] INFO  o.s.scheduling.concurrent.ThreadPoolTaskScheduler.initialize:171 - Initializing ExecutorService 'taskScheduler'
2019-10-17 15:17:45.983 [main] INFO  o.s.scheduling.concurrent.ThreadPoolTaskExecutor.initialize:171 - Initializing ExecutorService
2019-10-17 15:17:46.041 [main] INFO  o.s.scheduling.concurrent.ThreadPoolTaskExecutor.initialize:171 - Initializing ExecutorService 'mythreadpool'
2019-10-17 15:17:46.505 [scheduling-1] INFO  io.lettuce.core.EpollProvider.<clinit>:68 - Starting without optional epoll library
2019-10-17 15:17:46.515 [scheduling-1] INFO  io.lettuce.core.KqueueProvider.<clinit>:70 - Starting without optional kqueue library
2019-10-17 15:17:52.339 [main] INFO  com.chongba.schedule.TaskServiceTest.logStarted:59 - Started TaskServiceTest in 15.009 seconds (JVM running for 19.46)
2019-10-17 15:18:03.093 [Thread-2] INFO  o.s.scheduling.concurrent.ThreadPoolTaskExecutor.shutdown:208 - Shutting down ExecutorService 'mythreadpool'
2019-10-17 15:18:03.099 [Thread-2] INFO  o.s.scheduling.concurrent.ThreadPoolTaskScheduler.shutdown:208 - Shutting down ExecutorService 'taskScheduler'
2019-10-17 15:18:04.233 [Thread-2] INFO  com.zaxxer.hikari.HikariDataSource.close:350 - HikariPool-1 - Shutdown initiated...
2019-10-17 15:18:04.464 [Thread-2] INFO  com.zaxxer.hikari.HikariDataSource.close:352 - HikariPool-1 - Shutdown completed.
2019-10-17 15:18:43.191 [main] INFO  com.chongba.schedule.TaskServiceTest.logStarting:50 - Starting TaskServiceTest on LAPTOP-DALSADDF with PID 4076 (started by tanshuai in E:\itheima\充吧录课\code\chongba_parent\chongba_schedule_service)
2019-10-17 15:18:43.194 [main] INFO  com.chongba.schedule.TaskServiceTest.logStartupProfileInfo:675 - No active profile set, falling back to default profiles: default
2019-10-17 15:18:47.449 [main] INFO  o.s.d.repository.config.RepositoryConfigurationDelegate.multipleStoresDetected:244 - Multiple Spring Data modules found, entering strict repository configuration mode!
2019-10-17 15:18:47.452 [main] INFO  o.s.d.repository.config.RepositoryConfigurationDelegate.registerRepositoriesIn:126 - Bootstrapping Spring Data repositories in DEFAULT mode.
2019-10-17 15:18:47.519 [main] INFO  o.s.d.repository.config.RepositoryConfigurationDelegate.registerRepositoriesIn:182 - Finished Spring Data repository scanning in 34ms. Found 0 repository interfaces.
2019-10-17 15:18:48.366 [main] INFO  o.s.c.s.PostProcessorRegistrationDelegate$BeanPostProcessorChecker.postProcessAfterInitialization:330 - Bean 'org.springframework.transaction.annotation.ProxyTransactionManagementConfiguration' of type [org.springframework.transaction.annotation.ProxyTransactionManagementConfiguration$$EnhancerBySpringCGLIB$$16c0afd] is not eligible for getting processed by all BeanPostProcessors (for example: not eligible for auto-proxying)
2019-10-17 15:18:48.890 [main] INFO  com.zaxxer.hikari.HikariDataSource.getConnection:110 - HikariPool-1 - Starting...
2019-10-17 15:18:50.062 [main] INFO  com.zaxxer.hikari.HikariDataSource.getConnection:123 - HikariPool-1 - Start completed.
2019-10-17 15:18:51.416 [main] INFO  o.s.scheduling.concurrent.ThreadPoolTaskScheduler.initialize:171 - Initializing ExecutorService 'taskScheduler'
2019-10-17 15:18:51.458 [main] INFO  o.s.scheduling.concurrent.ThreadPoolTaskExecutor.initialize:171 - Initializing ExecutorService
2019-10-17 15:18:51.490 [main] INFO  o.s.scheduling.concurrent.ThreadPoolTaskExecutor.initialize:171 - Initializing ExecutorService 'mythreadpool'
2019-10-17 15:18:51.926 [scheduling-1] INFO  io.lettuce.core.EpollProvider.<clinit>:68 - Starting without optional epoll library
2019-10-17 15:18:51.935 [scheduling-1] INFO  io.lettuce.core.KqueueProvider.<clinit>:70 - Starting without optional kqueue library
2019-10-17 15:18:54.733 [main] INFO  com.chongba.schedule.TaskServiceTest.logStarted:59 - Started TaskServiceTest in 13.541 seconds (JVM running for 15.319)
2019-10-17 15:29:04.166 [main] INFO  com.chongba.schedule.TaskServiceTest.logStarting:50 - Starting TaskServiceTest on LAPTOP-DALSADDF with PID 16040 (started by tanshuai in E:\itheima\充吧录课\code\chongba_parent\chongba_schedule_service)
2019-10-17 15:29:04.239 [main] INFO  com.chongba.schedule.TaskServiceTest.logStartupProfileInfo:675 - No active profile set, falling back to default profiles: default
2019-10-17 15:29:07.271 [main] INFO  o.s.d.repository.config.RepositoryConfigurationDelegate.multipleStoresDetected:244 - Multiple Spring Data modules found, entering strict repository configuration mode!
2019-10-17 15:29:07.274 [main] INFO  o.s.d.repository.config.RepositoryConfigurationDelegate.registerRepositoriesIn:126 - Bootstrapping Spring Data repositories in DEFAULT mode.
2019-10-17 15:29:07.350 [main] INFO  o.s.d.repository.config.RepositoryConfigurationDelegate.registerRepositoriesIn:182 - Finished Spring Data repository scanning in 33ms. Found 0 repository interfaces.
2019-10-17 15:29:08.134 [main] INFO  o.s.c.s.PostProcessorRegistrationDelegate$BeanPostProcessorChecker.postProcessAfterInitialization:330 - Bean 'org.springframework.transaction.annotation.ProxyTransactionManagementConfiguration' of type [org.springframework.transaction.annotation.ProxyTransactionManagementConfiguration$$EnhancerBySpringCGLIB$$16c0afd] is not eligible for getting processed by all BeanPostProcessors (for example: not eligible for auto-proxying)
2019-10-17 15:29:08.647 [main] INFO  com.zaxxer.hikari.HikariDataSource.getConnection:110 - HikariPool-1 - Starting...
2019-10-17 15:29:09.733 [main] INFO  com.zaxxer.hikari.HikariDataSource.getConnection:123 - HikariPool-1 - Start completed.
2019-10-17 15:29:11.088 [main] INFO  o.s.scheduling.concurrent.ThreadPoolTaskScheduler.initialize:171 - Initializing ExecutorService 'taskScheduler'
2019-10-17 15:29:11.139 [main] INFO  o.s.scheduling.concurrent.ThreadPoolTaskExecutor.initialize:171 - Initializing ExecutorService
2019-10-17 15:29:11.159 [main] INFO  o.s.scheduling.concurrent.ThreadPoolTaskExecutor.initialize:171 - Initializing ExecutorService 'mythreadpool'
2019-10-17 15:29:11.540 [scheduling-1] INFO  io.lettuce.core.EpollProvider.<clinit>:68 - Starting without optional epoll library
2019-10-17 15:29:11.545 [scheduling-1] INFO  io.lettuce.core.KqueueProvider.<clinit>:70 - Starting without optional kqueue library
2019-10-17 15:29:14.082 [main] INFO  com.chongba.schedule.TaskServiceTest.logStarted:59 - Started TaskServiceTest in 11.507 seconds (JVM running for 13.286)
2019-10-17 15:36:02.344 [main] INFO  com.chongba.schedule.TaskServiceTest.logStarting:50 - Starting TaskServiceTest on LAPTOP-DALSADDF with PID 2328 (started by tanshuai in E:\itheima\充吧录课\code\chongba_parent\chongba_schedule_service)
2019-10-17 15:36:02.349 [main] INFO  com.chongba.schedule.TaskServiceTest.logStartupProfileInfo:675 - No active profile set, falling back to default profiles: default
2019-10-17 15:36:04.791 [main] INFO  o.s.d.repository.config.RepositoryConfigurationDelegate.multipleStoresDetected:244 - Multiple Spring Data modules found, entering strict repository configuration mode!
2019-10-17 15:36:04.798 [main] INFO  o.s.d.repository.config.RepositoryConfigurationDelegate.registerRepositoriesIn:126 - Bootstrapping Spring Data repositories in DEFAULT mode.
2019-10-17 15:36:04.942 [main] INFO  o.s.d.repository.config.RepositoryConfigurationDelegate.registerRepositoriesIn:182 - Finished Spring Data repository scanning in 69ms. Found 0 repository interfaces.
2019-10-17 15:36:06.185 [main] INFO  o.s.c.s.PostProcessorRegistrationDelegate$BeanPostProcessorChecker.postProcessAfterInitialization:330 - Bean 'org.springframework.transaction.annotation.ProxyTransactionManagementConfiguration' of type [org.springframework.transaction.annotation.ProxyTransactionManagementConfiguration$$EnhancerBySpringCGLIB$$736d4d66] is not eligible for getting processed by all BeanPostProcessors (for example: not eligible for auto-proxying)
2019-10-17 15:36:06.993 [main] INFO  com.zaxxer.hikari.HikariDataSource.getConnection:110 - HikariPool-1 - Starting...
2019-10-17 15:36:15.005 [main] INFO  com.zaxxer.hikari.HikariDataSource.getConnection:123 - HikariPool-1 - Start completed.
2019-10-17 15:36:16.407 [main] INFO  o.s.scheduling.concurrent.ThreadPoolTaskScheduler.initialize:171 - Initializing ExecutorService 'taskScheduler'
2019-10-17 15:36:16.449 [main] INFO  o.s.scheduling.concurrent.ThreadPoolTaskExecutor.initialize:171 - Initializing ExecutorService
2019-10-17 15:36:16.471 [main] INFO  o.s.scheduling.concurrent.ThreadPoolTaskExecutor.initialize:171 - Initializing ExecutorService 'mythreadpool'
2019-10-17 15:36:16.941 [scheduling-1] INFO  io.lettuce.core.EpollProvider.<clinit>:68 - Starting without optional epoll library
2019-10-17 15:36:16.945 [scheduling-1] INFO  io.lettuce.core.KqueueProvider.<clinit>:70 - Starting without optional kqueue library
2019-10-17 15:36:19.714 [main] INFO  com.chongba.schedule.TaskServiceTest.logStarted:59 - Started TaskServiceTest in 18.963 seconds (JVM running for 21.165)
2019-10-17 15:36:28.440 [Thread-2] INFO  o.s.scheduling.concurrent.ThreadPoolTaskExecutor.shutdown:208 - Shutting down ExecutorService 'mythreadpool'
2019-10-17 15:36:28.445 [Thread-2] INFO  o.s.scheduling.concurrent.ThreadPoolTaskScheduler.shutdown:208 - Shutting down ExecutorService 'taskScheduler'
2019-10-17 15:36:29.575 [Thread-2] INFO  com.zaxxer.hikari.HikariDataSource.close:350 - HikariPool-1 - Shutdown initiated...
2019-10-17 15:36:29.595 [Thread-2] INFO  com.zaxxer.hikari.HikariDataSource.close:352 - HikariPool-1 - Shutdown completed.
2019-10-17 15:37:12.280 [main] INFO  com.chongba.schedule.TaskServiceTest.logStarting:50 - Starting TaskServiceTest on LAPTOP-DALSADDF with PID 14548 (started by tanshuai in E:\itheima\充吧录课\code\chongba_parent\chongba_schedule_service)
2019-10-17 15:37:12.284 [main] INFO  com.chongba.schedule.TaskServiceTest.logStartupProfileInfo:675 - No active profile set, falling back to default profiles: default
2019-10-17 15:37:14.871 [main] INFO  o.s.d.repository.config.RepositoryConfigurationDelegate.multipleStoresDetected:244 - Multiple Spring Data modules found, entering strict repository configuration mode!
2019-10-17 15:37:14.878 [main] INFO  o.s.d.repository.config.RepositoryConfigurationDelegate.registerRepositoriesIn:126 - Bootstrapping Spring Data repositories in DEFAULT mode.
2019-10-17 15:37:14.978 [main] INFO  o.s.d.repository.config.RepositoryConfigurationDelegate.registerRepositoriesIn:182 - Finished Spring Data repository scanning in 44ms. Found 0 repository interfaces.
2019-10-17 15:37:15.924 [main] INFO  o.s.c.s.PostProcessorRegistrationDelegate$BeanPostProcessorChecker.postProcessAfterInitialization:330 - Bean 'org.springframework.transaction.annotation.ProxyTransactionManagementConfiguration' of type [org.springframework.transaction.annotation.ProxyTransactionManagementConfiguration$$EnhancerBySpringCGLIB$$e5a273b3] is not eligible for getting processed by all BeanPostProcessors (for example: not eligible for auto-proxying)
2019-10-17 15:37:16.374 [main] INFO  com.zaxxer.hikari.HikariDataSource.getConnection:110 - HikariPool-1 - Starting...
2019-10-17 15:37:18.689 [main] INFO  com.zaxxer.hikari.HikariDataSource.getConnection:123 - HikariPool-1 - Start completed.
2019-10-17 15:37:19.760 [main] INFO  o.s.scheduling.concurrent.ThreadPoolTaskScheduler.initialize:171 - Initializing ExecutorService 'taskScheduler'
2019-10-17 15:37:19.794 [main] INFO  o.s.scheduling.concurrent.ThreadPoolTaskExecutor.initialize:171 - Initializing ExecutorService
2019-10-17 15:37:19.816 [main] INFO  o.s.scheduling.concurrent.ThreadPoolTaskExecutor.initialize:171 - Initializing ExecutorService 'mythreadpool'
2019-10-17 15:37:20.207 [scheduling-1] INFO  io.lettuce.core.EpollProvider.<clinit>:68 - Starting without optional epoll library
2019-10-17 15:37:20.211 [scheduling-1] INFO  io.lettuce.core.KqueueProvider.<clinit>:70 - Starting without optional kqueue library
2019-10-17 15:37:22.418 [main] INFO  com.chongba.schedule.TaskServiceTest.logStarted:59 - Started TaskServiceTest in 11.685 seconds (JVM running for 13.617)
2019-10-17 15:45:23.977 [main] INFO  com.chongba.schedule.TaskServiceTest.logStarting:50 - Starting TaskServiceTest on LAPTOP-DALSADDF with PID 7792 (started by tanshuai in E:\itheima\充吧录课\code\chongba_parent\chongba_schedule_service)
2019-10-17 15:45:23.982 [main] INFO  com.chongba.schedule.TaskServiceTest.logStartupProfileInfo:675 - No active profile set, falling back to default profiles: default
2019-10-17 15:45:26.446 [main] INFO  o.s.d.repository.config.RepositoryConfigurationDelegate.multipleStoresDetected:244 - Multiple Spring Data modules found, entering strict repository configuration mode!
2019-10-17 15:45:26.453 [main] INFO  o.s.d.repository.config.RepositoryConfigurationDelegate.registerRepositoriesIn:126 - Bootstrapping Spring Data repositories in DEFAULT mode.
2019-10-17 15:45:26.609 [main] INFO  o.s.d.repository.config.RepositoryConfigurationDelegate.registerRepositoriesIn:182 - Finished Spring Data repository scanning in 72ms. Found 0 repository interfaces.
2019-10-17 15:45:28.029 [main] INFO  o.s.c.s.PostProcessorRegistrationDelegate$BeanPostProcessorChecker.postProcessAfterInitialization:330 - Bean 'org.springframework.transaction.annotation.ProxyTransactionManagementConfiguration' of type [org.springframework.transaction.annotation.ProxyTransactionManagementConfiguration$$EnhancerBySpringCGLIB$$6120f87] is not eligible for getting processed by all BeanPostProcessors (for example: not eligible for auto-proxying)
2019-10-17 15:45:28.821 [main] INFO  com.zaxxer.hikari.HikariDataSource.getConnection:110 - HikariPool-1 - Starting...
2019-10-17 15:45:32.543 [main] INFO  com.zaxxer.hikari.HikariDataSource.getConnection:123 - HikariPool-1 - Start completed.
2019-10-17 15:45:33.650 [main] INFO  o.s.scheduling.concurrent.ThreadPoolTaskScheduler.initialize:171 - Initializing ExecutorService 'taskScheduler'
2019-10-17 15:45:33.688 [main] INFO  o.s.scheduling.concurrent.ThreadPoolTaskExecutor.initialize:171 - Initializing ExecutorService
2019-10-17 15:45:33.717 [main] INFO  o.s.scheduling.concurrent.ThreadPoolTaskExecutor.initialize:171 - Initializing ExecutorService 'mythreadpool'
2019-10-17 15:45:34.122 [scheduling-1] INFO  io.lettuce.core.EpollProvider.<clinit>:68 - Starting without optional epoll library
2019-10-17 15:45:34.130 [scheduling-1] INFO  io.lettuce.core.KqueueProvider.<clinit>:70 - Starting without optional kqueue library
2019-10-17 15:45:36.528 [main] INFO  com.chongba.schedule.TaskServiceTest.logStarted:59 - Started TaskServiceTest in 13.959 seconds (JVM running for 15.637)
2019-10-17 15:45:42.073 [Thread-2] INFO  o.s.scheduling.concurrent.ThreadPoolTaskExecutor.shutdown:208 - Shutting down ExecutorService 'mythreadpool'
2019-10-17 15:45:42.074 [Thread-2] INFO  o.s.scheduling.concurrent.ThreadPoolTaskScheduler.shutdown:208 - Shutting down ExecutorService 'taskScheduler'
2019-10-17 15:45:43.714 [Thread-2] INFO  com.zaxxer.hikari.HikariDataSource.close:350 - HikariPool-1 - Shutdown initiated...
2019-10-17 15:45:43.728 [Thread-2] INFO  com.zaxxer.hikari.HikariDataSource.close:352 - HikariPool-1 - Shutdown completed.
2019-10-17 15:46:09.467 [main] INFO  com.chongba.schedule.TaskServiceTest.logStarting:50 - Starting TaskServiceTest on LAPTOP-DALSADDF with PID 4244 (started by tanshuai in E:\itheima\充吧录课\code\chongba_parent\chongba_schedule_service)
2019-10-17 15:46:09.472 [main] INFO  com.chongba.schedule.TaskServiceTest.logStartupProfileInfo:675 - No active profile set, falling back to default profiles: default
2019-10-17 15:46:12.266 [main] INFO  o.s.d.repository.config.RepositoryConfigurationDelegate.multipleStoresDetected:244 - Multiple Spring Data modules found, entering strict repository configuration mode!
2019-10-17 15:46:12.271 [main] INFO  o.s.d.repository.config.RepositoryConfigurationDelegate.registerRepositoriesIn:126 - Bootstrapping Spring Data repositories in DEFAULT mode.
2019-10-17 15:46:12.352 [main] INFO  o.s.d.repository.config.RepositoryConfigurationDelegate.registerRepositoriesIn:182 - Finished Spring Data repository scanning in 48ms. Found 0 repository interfaces.
2019-10-17 15:46:13.200 [main] INFO  o.s.c.s.PostProcessorRegistrationDelegate$BeanPostProcessorChecker.postProcessAfterInitialization:330 - Bean 'org.springframework.transaction.annotation.ProxyTransactionManagementConfiguration' of type [org.springframework.transaction.annotation.ProxyTransactionManagementConfiguration$$EnhancerBySpringCGLIB$$278d0cb3] is not eligible for getting processed by all BeanPostProcessors (for example: not eligible for auto-proxying)
2019-10-17 15:46:13.724 [main] INFO  com.zaxxer.hikari.HikariDataSource.getConnection:110 - HikariPool-1 - Starting...
2019-10-17 15:46:33.620 [main] INFO  com.chongba.schedule.TaskServiceTest.logStarting:50 - Starting TaskServiceTest on LAPTOP-DALSADDF with PID 9092 (started by tanshuai in E:\itheima\充吧录课\code\chongba_parent\chongba_schedule_service)
2019-10-17 15:46:33.627 [main] INFO  com.chongba.schedule.TaskServiceTest.logStartupProfileInfo:675 - No active profile set, falling back to default profiles: default
2019-10-17 15:46:36.366 [main] INFO  o.s.d.repository.config.RepositoryConfigurationDelegate.multipleStoresDetected:244 - Multiple Spring Data modules found, entering strict repository configuration mode!
2019-10-17 15:46:36.373 [main] INFO  o.s.d.repository.config.RepositoryConfigurationDelegate.registerRepositoriesIn:126 - Bootstrapping Spring Data repositories in DEFAULT mode.
2019-10-17 15:46:36.488 [main] INFO  o.s.d.repository.config.RepositoryConfigurationDelegate.registerRepositoriesIn:182 - Finished Spring Data repository scanning in 38ms. Found 0 repository interfaces.
2019-10-17 15:46:37.494 [main] INFO  o.s.c.s.PostProcessorRegistrationDelegate$BeanPostProcessorChecker.postProcessAfterInitialization:330 - Bean 'org.springframework.transaction.annotation.ProxyTransactionManagementConfiguration' of type [org.springframework.transaction.annotation.ProxyTransactionManagementConfiguration$$EnhancerBySpringCGLIB$$f441b3f] is not eligible for getting processed by all BeanPostProcessors (for example: not eligible for auto-proxying)
2019-10-17 15:46:38.086 [main] INFO  com.zaxxer.hikari.HikariDataSource.getConnection:110 - HikariPool-1 - Starting...
2019-10-17 15:46:39.515 [main] INFO  com.zaxxer.hikari.HikariDataSource.getConnection:123 - HikariPool-1 - Start completed.
2019-10-17 15:46:41.015 [main] INFO  o.s.scheduling.concurrent.ThreadPoolTaskScheduler.initialize:171 - Initializing ExecutorService 'taskScheduler'
2019-10-17 15:46:41.078 [main] INFO  o.s.scheduling.concurrent.ThreadPoolTaskExecutor.initialize:171 - Initializing ExecutorService
2019-10-17 15:46:41.128 [main] INFO  o.s.scheduling.concurrent.ThreadPoolTaskExecutor.initialize:171 - Initializing ExecutorService 'mythreadpool'
2019-10-17 15:46:41.557 [scheduling-1] INFO  io.lettuce.core.EpollProvider.<clinit>:68 - Starting without optional epoll library
2019-10-17 15:46:41.562 [scheduling-1] INFO  io.lettuce.core.KqueueProvider.<clinit>:70 - Starting without optional kqueue library
2019-10-17 15:46:44.413 [main] INFO  com.chongba.schedule.TaskServiceTest.logStarted:59 - Started TaskServiceTest in 12.462 seconds (JVM running for 14.23)
2019-10-17 15:47:51.838 [main] INFO  com.chongba.schedule.TaskServiceTest.logStarting:50 - Starting TaskServiceTest on LAPTOP-DALSADDF with PID 8240 (started by tanshuai in E:\itheima\充吧录课\code\chongba_parent\chongba_schedule_service)
2019-10-17 15:47:51.922 [main] INFO  com.chongba.schedule.TaskServiceTest.logStartupProfileInfo:675 - No active profile set, falling back to default profiles: default
2019-10-17 15:47:54.890 [main] INFO  o.s.d.repository.config.RepositoryConfigurationDelegate.multipleStoresDetected:244 - Multiple Spring Data modules found, entering strict repository configuration mode!
2019-10-17 15:47:54.896 [main] INFO  o.s.d.repository.config.RepositoryConfigurationDelegate.registerRepositoriesIn:126 - Bootstrapping Spring Data repositories in DEFAULT mode.
2019-10-17 15:47:54.993 [main] INFO  o.s.d.repository.config.RepositoryConfigurationDelegate.registerRepositoriesIn:182 - Finished Spring Data repository scanning in 44ms. Found 0 repository interfaces.
2019-10-17 15:47:55.860 [main] INFO  o.s.c.s.PostProcessorRegistrationDelegate$BeanPostProcessorChecker.postProcessAfterInitialization:330 - Bean 'org.springframework.transaction.annotation.ProxyTransactionManagementConfiguration' of type [org.springframework.transaction.annotation.ProxyTransactionManagementConfiguration$$EnhancerBySpringCGLIB$$961c2c36] is not eligible for getting processed by all BeanPostProcessors (for example: not eligible for auto-proxying)
2019-10-17 15:47:56.428 [main] INFO  com.zaxxer.hikari.HikariDataSource.getConnection:110 - HikariPool-1 - Starting...
2019-10-17 15:47:57.725 [main] INFO  com.zaxxer.hikari.HikariDataSource.getConnection:123 - HikariPool-1 - Start completed.
2019-10-17 15:47:59.103 [main] INFO  o.s.scheduling.concurrent.ThreadPoolTaskScheduler.initialize:171 - Initializing ExecutorService 'taskScheduler'
2019-10-17 15:47:59.155 [main] INFO  o.s.scheduling.concurrent.ThreadPoolTaskExecutor.initialize:171 - Initializing ExecutorService
2019-10-17 15:47:59.214 [main] INFO  o.s.scheduling.concurrent.ThreadPoolTaskExecutor.initialize:171 - Initializing ExecutorService 'mythreadpool'
2019-10-17 15:47:59.643 [scheduling-1] INFO  io.lettuce.core.EpollProvider.<clinit>:68 - Starting without optional epoll library
2019-10-17 15:47:59.648 [scheduling-1] INFO  io.lettuce.core.KqueueProvider.<clinit>:70 - Starting without optional kqueue library
2019-10-17 15:48:02.349 [main] INFO  com.chongba.schedule.TaskServiceTest.logStarted:59 - Started TaskServiceTest in 12.026 seconds (JVM running for 13.953)
