2019-10-29 16:17:01.439 [Curator-LeaderSelector-0] ERROR o.apache.curator.framework.recipes.leader.LeaderSelector.doWork:454 - The leader threw an exception
java.lang.InterruptedException: null
	at java.util.concurrent.locks.AbstractQueuedSynchronizer.tryAcquireSharedNanos(AbstractQueuedSynchronizer.java:1326)
	at java.util.concurrent.CountDownLatch.await(CountDownLatch.java:277)
	at org.apache.curator.CuratorZookeeperClient.internalBlockUntilConnectedOrTimedOut(CuratorZookeeperClient.java:336)
	at org.apache.curator.RetryLoop.callWithRetry(RetryLoop.java:107)
	at org.apache.curator.framework.imps.DeleteBuilderImpl.pathInForeground(DeleteBuilderImpl.java:241)
	at org.apache.curator.framework.imps.DeleteBuilderImpl.forPath(DeleteBuilderImpl.java:225)
	at org.apache.curator.framework.imps.DeleteBuilderImpl.forPath(DeleteBuilderImpl.java:35)
	at org.apache.curator.framework.recipes.locks.LockInternals.deleteOurPath(LockInternals.java:339)
	at org.apache.curator.framework.recipes.locks.LockInternals.releaseLock(LockInternals.java:123)
	at org.apache.curator.framework.recipes.locks.InterProcessMutex.release(InterProcessMutex.java:154)
	at org.apache.curator.framework.recipes.leader.LeaderSelector.doWork(LeaderSelector.java:449)
	at org.apache.curator.framework.recipes.leader.LeaderSelector.doWorkLoop(LeaderSelector.java:466)
	at org.apache.curator.framework.recipes.leader.LeaderSelector.access$100(LeaderSelector.java:65)
	at org.apache.curator.framework.recipes.leader.LeaderSelector$2.call(LeaderSelector.java:246)
	at org.apache.curator.framework.recipes.leader.LeaderSelector$2.call(LeaderSelector.java:240)
	at java.util.concurrent.FutureTask.run(FutureTask.java:266)
	at java.util.concurrent.Executors$RunnableAdapter.call(Executors.java:511)
	at java.util.concurrent.FutureTask.run(FutureTask.java:266)
	at java.util.concurrent.ThreadPoolExecutor.runWorker(ThreadPoolExecutor.java:1142)
	at java.util.concurrent.ThreadPoolExecutor$Worker.run(ThreadPoolExecutor.java:617)
	at java.lang.Thread.run(Thread.java:748)
2019-10-29 16:17:02.035 [Curator-Framework-0] ERROR org.apache.curator.ConnectionState.checkTimeouts:228 - Connection timed out for connection string (192.168.200.129:2181) and timeout (15000) / elapsed (7768)
org.apache.curator.CuratorConnectionLossException: KeeperErrorCode = ConnectionLoss
	at org.apache.curator.ConnectionState.checkTimeouts(ConnectionState.java:225)
	at org.apache.curator.ConnectionState.getZooKeeper(ConnectionState.java:94)
	at org.apache.curator.CuratorZookeeperClient.getZooKeeper(CuratorZookeeperClient.java:117)
	at org.apache.curator.framework.imps.CuratorFrameworkImpl.performBackgroundOperation(CuratorFrameworkImpl.java:835)
	at org.apache.curator.framework.imps.CuratorFrameworkImpl.backgroundOperationsLoop(CuratorFrameworkImpl.java:809)
	at org.apache.curator.framework.imps.CuratorFrameworkImpl.access$300(CuratorFrameworkImpl.java:64)
	at org.apache.curator.framework.imps.CuratorFrameworkImpl$4.call(CuratorFrameworkImpl.java:267)
	at java.util.concurrent.FutureTask.run(FutureTask.java:266)
	at java.util.concurrent.ScheduledThreadPoolExecutor$ScheduledFutureTask.access$201(ScheduledThreadPoolExecutor.java:180)
	at java.util.concurrent.ScheduledThreadPoolExecutor$ScheduledFutureTask.run(ScheduledThreadPoolExecutor.java:293)
	at java.util.concurrent.ThreadPoolExecutor.runWorker(ThreadPoolExecutor.java:1142)
	at java.util.concurrent.ThreadPoolExecutor$Worker.run(ThreadPoolExecutor.java:617)
	at java.lang.Thread.run(Thread.java:748)
2019-10-29 16:17:02.040 [Curator-Framework-0] ERROR org.apache.curator.ConnectionState.checkTimeouts:228 - Connection timed out for connection string (192.168.200.129:2181) and timeout (15000) / elapsed (8422)
org.apache.curator.CuratorConnectionLossException: KeeperErrorCode = ConnectionLoss
	at org.apache.curator.ConnectionState.checkTimeouts(ConnectionState.java:225)
	at org.apache.curator.ConnectionState.getZooKeeper(ConnectionState.java:94)
	at org.apache.curator.CuratorZookeeperClient.getZooKeeper(CuratorZookeeperClient.java:117)
	at org.apache.curator.framework.imps.CuratorFrameworkImpl.performBackgroundOperation(CuratorFrameworkImpl.java:835)
	at org.apache.curator.framework.imps.CuratorFrameworkImpl.backgroundOperationsLoop(CuratorFrameworkImpl.java:809)
	at org.apache.curator.framework.imps.CuratorFrameworkImpl.access$300(CuratorFrameworkImpl.java:64)
	at org.apache.curator.framework.imps.CuratorFrameworkImpl$4.call(CuratorFrameworkImpl.java:267)
	at java.util.concurrent.FutureTask.run(FutureTask.java:266)
	at java.util.concurrent.ScheduledThreadPoolExecutor$ScheduledFutureTask.access$201(ScheduledThreadPoolExecutor.java:180)
	at java.util.concurrent.ScheduledThreadPoolExecutor$ScheduledFutureTask.run(ScheduledThreadPoolExecutor.java:293)
	at java.util.concurrent.ThreadPoolExecutor.runWorker(ThreadPoolExecutor.java:1142)
	at java.util.concurrent.ThreadPoolExecutor$Worker.run(ThreadPoolExecutor.java:617)
	at java.lang.Thread.run(Thread.java:748)
2019-10-29 16:17:25.612 [scheduling-1] ERROR o.s.scheduling.support.TaskUtils$LoggingErrorHandler.handleError:96 - Unexpected error occurred in scheduled task.
org.mybatis.spring.MyBatisSystemException: nested exception is org.apache.ibatis.exceptions.PersistenceException: 
### Error querying database.  Cause: java.util.concurrent.RejectedExecutionException: Task com.google.common.util.concurrent.ListenableFutureTask@25d4412 rejected from java.util.concurrent.ThreadPoolExecutor@157875cb[Terminated, pool size = 0, active threads = 0, queued tasks = 0, completed tasks = 1]
### The error may exist in com/chongba/schedule/mapper/TaskInfoMapper.java (best guess)
### The error may involve defaultParameterMap
### The error occurred while setting parameters
### SQL: SELECT   task_type,priority   FROM taskinfo           GROUP BY task_type,priority
### Cause: java.util.concurrent.RejectedExecutionException: Task com.google.common.util.concurrent.ListenableFutureTask@25d4412 rejected from java.util.concurrent.ThreadPoolExecutor@157875cb[Terminated, pool size = 0, active threads = 0, queued tasks = 0, completed tasks = 1]
	at org.mybatis.spring.MyBatisExceptionTranslator.translateExceptionIfPossible(MyBatisExceptionTranslator.java:77)
	at org.mybatis.spring.SqlSessionTemplate$SqlSessionInterceptor.invoke(SqlSessionTemplate.java:446)
	at com.sun.proxy.$Proxy138.selectList(Unknown Source)
	at org.mybatis.spring.SqlSessionTemplate.selectList(SqlSessionTemplate.java:230)
	at com.baomidou.mybatisplus.core.override.MybatisMapperMethod.executeForMany(MybatisMapperMethod.java:158)
	at com.baomidou.mybatisplus.core.override.MybatisMapperMethod.execute(MybatisMapperMethod.java:76)
	at com.baomidou.mybatisplus.core.override.MybatisMapperProxy.invoke(MybatisMapperProxy.java:62)
	at com.sun.proxy.$Proxy143.selectMaps(Unknown Source)
	at com.chongba.schedule.service.TaskServiceImpl.reloadData(TaskServiceImpl.java:109)
	at com.chongba.schedule.service.TaskServiceImpl.access$200(TaskServiceImpl.java:40)
	at com.chongba.schedule.service.TaskServiceImpl$1.run(TaskServiceImpl.java:92)
	at org.springframework.scheduling.support.DelegatingErrorHandlingRunnable.run(DelegatingErrorHandlingRunnable.java:54)
	at java.util.concurrent.Executors$RunnableAdapter.call(Executors.java:511)
	at java.util.concurrent.FutureTask.runAndReset(FutureTask.java:308)
	at java.util.concurrent.ScheduledThreadPoolExecutor$ScheduledFutureTask.access$301(ScheduledThreadPoolExecutor.java:180)
	at java.util.concurrent.ScheduledThreadPoolExecutor$ScheduledFutureTask.run(ScheduledThreadPoolExecutor.java:294)
	at java.util.concurrent.ThreadPoolExecutor.runWorker(ThreadPoolExecutor.java:1142)
	at java.util.concurrent.ThreadPoolExecutor$Worker.run(ThreadPoolExecutor.java:617)
	at java.lang.Thread.run(Thread.java:748)
Caused by: org.apache.ibatis.exceptions.PersistenceException: 
### Error querying database.  Cause: java.util.concurrent.RejectedExecutionException: Task com.google.common.util.concurrent.ListenableFutureTask@25d4412 rejected from java.util.concurrent.ThreadPoolExecutor@157875cb[Terminated, pool size = 0, active threads = 0, queued tasks = 0, completed tasks = 1]
### The error may exist in com/chongba/schedule/mapper/TaskInfoMapper.java (best guess)
### The error may involve defaultParameterMap
### The error occurred while setting parameters
### SQL: SELECT   task_type,priority   FROM taskinfo           GROUP BY task_type,priority
### Cause: java.util.concurrent.RejectedExecutionException: Task com.google.common.util.concurrent.ListenableFutureTask@25d4412 rejected from java.util.concurrent.ThreadPoolExecutor@157875cb[Terminated, pool size = 0, active threads = 0, queued tasks = 0, completed tasks = 1]
	at org.apache.ibatis.exceptions.ExceptionFactory.wrapException(ExceptionFactory.java:30)
	at org.apache.ibatis.session.defaults.DefaultSqlSession.selectList(DefaultSqlSession.java:149)
	at org.apache.ibatis.session.defaults.DefaultSqlSession.selectList(DefaultSqlSession.java:140)
	at sun.reflect.NativeMethodAccessorImpl.invoke0(Native Method)
	at sun.reflect.NativeMethodAccessorImpl.invoke(NativeMethodAccessorImpl.java:62)
	at sun.reflect.DelegatingMethodAccessorImpl.invoke(DelegatingMethodAccessorImpl.java:43)
	at java.lang.reflect.Method.invoke(Method.java:498)
	at org.mybatis.spring.SqlSessionTemplate$SqlSessionInterceptor.invoke(SqlSessionTemplate.java:433)
	... 17 common frames omitted
Caused by: java.util.concurrent.RejectedExecutionException: Task com.google.common.util.concurrent.ListenableFutureTask@25d4412 rejected from java.util.concurrent.ThreadPoolExecutor@157875cb[Terminated, pool size = 0, active threads = 0, queued tasks = 0, completed tasks = 1]
	at java.util.concurrent.ThreadPoolExecutor$AbortPolicy.rejectedExecution(ThreadPoolExecutor.java:2047)
	at java.util.concurrent.ThreadPoolExecutor.reject(ThreadPoolExecutor.java:823)
	at java.util.concurrent.ThreadPoolExecutor.execute(ThreadPoolExecutor.java:1369)
	at com.google.common.util.concurrent.MoreExecutors$ListeningDecorator.execute(MoreExecutors.java:550)
	at java.util.concurrent.AbstractExecutorService.submit(AbstractExecutorService.java:134)
	at com.google.common.util.concurrent.AbstractListeningExecutorService.submit(AbstractListeningExecutorService.java:58)
	at org.apache.shardingsphere.core.execute.ShardingExecuteEngine.asyncGroupExecute(ShardingExecuteEngine.java:116)
	at org.apache.shardingsphere.core.execute.ShardingExecuteEngine.asyncGroupExecute(ShardingExecuteEngine.java:109)
	at org.apache.shardingsphere.core.execute.ShardingExecuteEngine.parallelExecute(ShardingExecuteEngine.java:102)
	at org.apache.shardingsphere.core.execute.ShardingExecuteEngine.groupExecute(ShardingExecuteEngine.java:83)
	at org.apache.shardingsphere.core.execute.sql.execute.SQLExecuteTemplate.executeGroup(SQLExecuteTemplate.java:73)
	at org.apache.shardingsphere.core.execute.sql.execute.SQLExecuteTemplate.executeGroup(SQLExecuteTemplate.java:56)
	at org.apache.shardingsphere.shardingjdbc.executor.AbstractStatementExecutor.executeCallback(AbstractStatementExecutor.java:128)
	at org.apache.shardingsphere.shardingjdbc.executor.PreparedStatementExecutor.execute(PreparedStatementExecutor.java:156)
	at org.apache.shardingsphere.shardingjdbc.jdbc.core.statement.ShardingPreparedStatement.execute(ShardingPreparedStatement.java:172)
	at sun.reflect.NativeMethodAccessorImpl.invoke0(Native Method)
	at sun.reflect.NativeMethodAccessorImpl.invoke(NativeMethodAccessorImpl.java:62)
	at sun.reflect.DelegatingMethodAccessorImpl.invoke(DelegatingMethodAccessorImpl.java:43)
	at java.lang.reflect.Method.invoke(Method.java:498)
	at org.apache.ibatis.logging.jdbc.PreparedStatementLogger.invoke(PreparedStatementLogger.java:59)
	at com.sun.proxy.$Proxy172.execute(Unknown Source)
	at org.apache.ibatis.executor.statement.PreparedStatementHandler.query(PreparedStatementHandler.java:64)
	at org.apache.ibatis.executor.statement.RoutingStatementHandler.query(RoutingStatementHandler.java:79)
	at com.baomidou.mybatisplus.core.executor.MybatisSimpleExecutor.doQuery(MybatisSimpleExecutor.java:67)
	at org.apache.ibatis.executor.BaseExecutor.queryFromDatabase(BaseExecutor.java:324)
	at org.apache.ibatis.executor.BaseExecutor.query(BaseExecutor.java:156)
	at org.apache.ibatis.executor.CachingExecutor.query(CachingExecutor.java:109)
	at org.apache.ibatis.executor.CachingExecutor.query(CachingExecutor.java:83)
	at sun.reflect.NativeMethodAccessorImpl.invoke0(Native Method)
	at sun.reflect.NativeMethodAccessorImpl.invoke(NativeMethodAccessorImpl.java:62)
	at sun.reflect.DelegatingMethodAccessorImpl.invoke(DelegatingMethodAccessorImpl.java:43)
	at java.lang.reflect.Method.invoke(Method.java:498)
	at org.apache.ibatis.plugin.Plugin.invoke(Plugin.java:63)
	at com.sun.proxy.$Proxy170.query(Unknown Source)
	at org.apache.ibatis.session.defaults.DefaultSqlSession.selectList(DefaultSqlSession.java:147)
	... 23 common frames omitted
2019-10-29 16:17:25.631 [Curator-LeaderSelector-0] ERROR o.apache.curator.framework.recipes.leader.LeaderSelector.doWork:454 - The leader threw an exception
java.lang.InterruptedException: null
	at java.util.concurrent.locks.AbstractQueuedSynchronizer.tryAcquireSharedNanos(AbstractQueuedSynchronizer.java:1326)
	at java.util.concurrent.CountDownLatch.await(CountDownLatch.java:277)
	at org.apache.curator.CuratorZookeeperClient.internalBlockUntilConnectedOrTimedOut(CuratorZookeeperClient.java:336)
	at org.apache.curator.RetryLoop.callWithRetry(RetryLoop.java:107)
	at org.apache.curator.framework.imps.DeleteBuilderImpl.pathInForeground(DeleteBuilderImpl.java:241)
	at org.apache.curator.framework.imps.DeleteBuilderImpl.forPath(DeleteBuilderImpl.java:225)
	at org.apache.curator.framework.imps.DeleteBuilderImpl.forPath(DeleteBuilderImpl.java:35)
	at org.apache.curator.framework.recipes.locks.LockInternals.deleteOurPath(LockInternals.java:339)
	at org.apache.curator.framework.recipes.locks.LockInternals.releaseLock(LockInternals.java:123)
	at org.apache.curator.framework.recipes.locks.InterProcessMutex.release(InterProcessMutex.java:154)
	at org.apache.curator.framework.recipes.leader.LeaderSelector.doWork(LeaderSelector.java:449)
	at org.apache.curator.framework.recipes.leader.LeaderSelector.doWorkLoop(LeaderSelector.java:466)
	at org.apache.curator.framework.recipes.leader.LeaderSelector.access$100(LeaderSelector.java:65)
	at org.apache.curator.framework.recipes.leader.LeaderSelector$2.call(LeaderSelector.java:246)
	at org.apache.curator.framework.recipes.leader.LeaderSelector$2.call(LeaderSelector.java:240)
	at java.util.concurrent.FutureTask.run(FutureTask.java:266)
	at java.util.concurrent.Executors$RunnableAdapter.call(Executors.java:511)
	at java.util.concurrent.FutureTask.run(FutureTask.java:266)
	at java.util.concurrent.ThreadPoolExecutor.runWorker(ThreadPoolExecutor.java:1142)
	at java.util.concurrent.ThreadPoolExecutor$Worker.run(ThreadPoolExecutor.java:617)
	at java.lang.Thread.run(Thread.java:748)
2019-10-29 16:18:55.120 [main-EventThread] ERROR org.apache.curator.ConnectionState.checkTimeouts:228 - Connection timed out for connection string (192.168.200.129:2181) and timeout (15000) / elapsed (9294)
org.apache.curator.CuratorConnectionLossException: KeeperErrorCode = ConnectionLoss
	at org.apache.curator.ConnectionState.checkTimeouts(ConnectionState.java:225)
	at org.apache.curator.ConnectionState.getZooKeeper(ConnectionState.java:94)
	at org.apache.curator.CuratorZookeeperClient.getZooKeeper(CuratorZookeeperClient.java:117)
	at org.apache.curator.framework.imps.CuratorFrameworkImpl.performBackgroundOperation(CuratorFrameworkImpl.java:835)
	at org.apache.curator.framework.imps.CuratorFrameworkImpl.doSyncForSuspendedConnection(CuratorFrameworkImpl.java:701)
	at org.apache.curator.framework.imps.CuratorFrameworkImpl.suspendConnection(CuratorFrameworkImpl.java:674)
	at org.apache.curator.framework.imps.CuratorFrameworkImpl.validateConnection(CuratorFrameworkImpl.java:621)
	at org.apache.curator.framework.imps.CuratorFrameworkImpl.processEvent(CuratorFrameworkImpl.java:877)
	at org.apache.curator.framework.imps.CuratorFrameworkImpl.access$000(CuratorFrameworkImpl.java:64)
	at org.apache.curator.framework.imps.CuratorFrameworkImpl$1.process(CuratorFrameworkImpl.java:109)
	at org.apache.curator.ConnectionState.process(ConnectionState.java:178)
	at org.apache.zookeeper.ClientCnxn$EventThread.processEvent(ClientCnxn.java:530)
	at org.apache.zookeeper.ClientCnxn$EventThread.run(ClientCnxn.java:505)
2019-10-29 16:18:55.124 [Curator-LeaderSelector-0] ERROR org.apache.curator.ConnectionState.checkTimeouts:228 - Connection timed out for connection string (192.168.200.129:2181) and timeout (15000) / elapsed (11802)
org.apache.curator.CuratorConnectionLossException: KeeperErrorCode = ConnectionLoss
	at org.apache.curator.ConnectionState.checkTimeouts(ConnectionState.java:225)
	at org.apache.curator.ConnectionState.getZooKeeper(ConnectionState.java:94)
	at org.apache.curator.CuratorZookeeperClient.getZooKeeper(CuratorZookeeperClient.java:117)
	at org.apache.curator.framework.imps.CuratorFrameworkImpl.performBackgroundOperation(CuratorFrameworkImpl.java:835)
	at org.apache.curator.framework.imps.CuratorFrameworkImpl.processBackgroundOperation(CuratorFrameworkImpl.java:507)
	at org.apache.curator.framework.imps.DeleteBuilderImpl.forPath(DeleteBuilderImpl.java:221)
	at org.apache.curator.framework.imps.DeleteBuilderImpl.forPath(DeleteBuilderImpl.java:35)
	at org.apache.curator.framework.imps.FailedDeleteManager.addFailedDelete(FailedDeleteManager.java:55)
	at org.apache.curator.framework.imps.DeleteBuilderImpl.pathInForeground(DeleteBuilderImpl.java:274)
	at org.apache.curator.framework.imps.DeleteBuilderImpl.forPath(DeleteBuilderImpl.java:225)
	at org.apache.curator.framework.imps.DeleteBuilderImpl.forPath(DeleteBuilderImpl.java:35)
	at org.apache.curator.framework.recipes.locks.LockInternals.deleteOurPath(LockInternals.java:339)
	at org.apache.curator.framework.recipes.locks.LockInternals.releaseLock(LockInternals.java:123)
	at org.apache.curator.framework.recipes.locks.InterProcessMutex.release(InterProcessMutex.java:154)
	at org.apache.curator.framework.recipes.leader.LeaderSelector.doWork(LeaderSelector.java:449)
	at org.apache.curator.framework.recipes.leader.LeaderSelector.doWorkLoop(LeaderSelector.java:466)
	at org.apache.curator.framework.recipes.leader.LeaderSelector.access$100(LeaderSelector.java:65)
	at org.apache.curator.framework.recipes.leader.LeaderSelector$2.call(LeaderSelector.java:246)
	at org.apache.curator.framework.recipes.leader.LeaderSelector$2.call(LeaderSelector.java:240)
	at java.util.concurrent.FutureTask.run(FutureTask.java:266)
	at java.util.concurrent.Executors$RunnableAdapter.call(Executors.java:511)
	at java.util.concurrent.FutureTask.run(FutureTask.java:266)
	at java.util.concurrent.ThreadPoolExecutor.runWorker(ThreadPoolExecutor.java:1142)
	at java.util.concurrent.ThreadPoolExecutor$Worker.run(ThreadPoolExecutor.java:617)
	at java.lang.Thread.run(Thread.java:748)
2019-10-29 16:18:55.168 [Curator-LeaderSelector-0] ERROR o.apache.curator.framework.recipes.leader.LeaderSelector.doWork:454 - The leader threw an exception
java.lang.InterruptedException: null
	at java.util.concurrent.locks.AbstractQueuedSynchronizer.tryAcquireSharedNanos(AbstractQueuedSynchronizer.java:1326)
	at java.util.concurrent.CountDownLatch.await(CountDownLatch.java:277)
	at org.apache.curator.CuratorZookeeperClient.internalBlockUntilConnectedOrTimedOut(CuratorZookeeperClient.java:336)
	at org.apache.curator.RetryLoop.callWithRetry(RetryLoop.java:107)
	at org.apache.curator.framework.imps.DeleteBuilderImpl.pathInForeground(DeleteBuilderImpl.java:241)
	at org.apache.curator.framework.imps.DeleteBuilderImpl.forPath(DeleteBuilderImpl.java:225)
	at org.apache.curator.framework.imps.DeleteBuilderImpl.forPath(DeleteBuilderImpl.java:35)
	at org.apache.curator.framework.recipes.locks.LockInternals.deleteOurPath(LockInternals.java:339)
	at org.apache.curator.framework.recipes.locks.LockInternals.releaseLock(LockInternals.java:123)
	at org.apache.curator.framework.recipes.locks.InterProcessMutex.release(InterProcessMutex.java:154)
	at org.apache.curator.framework.recipes.leader.LeaderSelector.doWork(LeaderSelector.java:449)
	at org.apache.curator.framework.recipes.leader.LeaderSelector.doWorkLoop(LeaderSelector.java:466)
	at org.apache.curator.framework.recipes.leader.LeaderSelector.access$100(LeaderSelector.java:65)
	at org.apache.curator.framework.recipes.leader.LeaderSelector$2.call(LeaderSelector.java:246)
	at org.apache.curator.framework.recipes.leader.LeaderSelector$2.call(LeaderSelector.java:240)
	at java.util.concurrent.FutureTask.run(FutureTask.java:266)
	at java.util.concurrent.Executors$RunnableAdapter.call(Executors.java:511)
	at java.util.concurrent.FutureTask.run(FutureTask.java:266)
	at java.util.concurrent.ThreadPoolExecutor.runWorker(ThreadPoolExecutor.java:1142)
	at java.util.concurrent.ThreadPoolExecutor$Worker.run(ThreadPoolExecutor.java:617)
	at java.lang.Thread.run(Thread.java:748)
2019-10-29 16:19:33.495 [Curator-LeaderSelector-0] ERROR o.apache.curator.framework.recipes.leader.LeaderSelector.doWork:454 - The leader threw an exception
java.lang.InterruptedException: null
	at java.util.concurrent.locks.AbstractQueuedSynchronizer.tryAcquireSharedNanos(AbstractQueuedSynchronizer.java:1326)
	at java.util.concurrent.CountDownLatch.await(CountDownLatch.java:277)
	at org.apache.curator.CuratorZookeeperClient.internalBlockUntilConnectedOrTimedOut(CuratorZookeeperClient.java:336)
	at org.apache.curator.RetryLoop.callWithRetry(RetryLoop.java:107)
	at org.apache.curator.framework.imps.DeleteBuilderImpl.pathInForeground(DeleteBuilderImpl.java:241)
	at org.apache.curator.framework.imps.DeleteBuilderImpl.forPath(DeleteBuilderImpl.java:225)
	at org.apache.curator.framework.imps.DeleteBuilderImpl.forPath(DeleteBuilderImpl.java:35)
	at org.apache.curator.framework.recipes.locks.LockInternals.deleteOurPath(LockInternals.java:339)
	at org.apache.curator.framework.recipes.locks.LockInternals.releaseLock(LockInternals.java:123)
	at org.apache.curator.framework.recipes.locks.InterProcessMutex.release(InterProcessMutex.java:154)
	at org.apache.curator.framework.recipes.leader.LeaderSelector.doWork(LeaderSelector.java:449)
	at org.apache.curator.framework.recipes.leader.LeaderSelector.doWorkLoop(LeaderSelector.java:466)
	at org.apache.curator.framework.recipes.leader.LeaderSelector.access$100(LeaderSelector.java:65)
	at org.apache.curator.framework.recipes.leader.LeaderSelector$2.call(LeaderSelector.java:246)
	at org.apache.curator.framework.recipes.leader.LeaderSelector$2.call(LeaderSelector.java:240)
	at java.util.concurrent.FutureTask.run(FutureTask.java:266)
	at java.util.concurrent.Executors$RunnableAdapter.call(Executors.java:511)
	at java.util.concurrent.FutureTask.run(FutureTask.java:266)
	at java.util.concurrent.ThreadPoolExecutor.runWorker(ThreadPoolExecutor.java:1142)
	at java.util.concurrent.ThreadPoolExecutor$Worker.run(ThreadPoolExecutor.java:617)
	at java.lang.Thread.run(Thread.java:748)
2019-10-29 16:19:39.319 [Curator-Framework-0] ERROR org.apache.curator.ConnectionState.checkTimeouts:228 - Connection timed out for connection string (192.168.200.129:2181) and timeout (15000) / elapsed (5833)
org.apache.curator.CuratorConnectionLossException: KeeperErrorCode = ConnectionLoss
	at org.apache.curator.ConnectionState.checkTimeouts(ConnectionState.java:225)
	at org.apache.curator.ConnectionState.getZooKeeper(ConnectionState.java:94)
	at org.apache.curator.CuratorZookeeperClient.getZooKeeper(CuratorZookeeperClient.java:117)
	at org.apache.curator.framework.imps.CuratorFrameworkImpl.performBackgroundOperation(CuratorFrameworkImpl.java:835)
	at org.apache.curator.framework.imps.CuratorFrameworkImpl.backgroundOperationsLoop(CuratorFrameworkImpl.java:809)
	at org.apache.curator.framework.imps.CuratorFrameworkImpl.access$300(CuratorFrameworkImpl.java:64)
	at org.apache.curator.framework.imps.CuratorFrameworkImpl$4.call(CuratorFrameworkImpl.java:267)
	at java.util.concurrent.FutureTask.run(FutureTask.java:266)
	at java.util.concurrent.ScheduledThreadPoolExecutor$ScheduledFutureTask.access$201(ScheduledThreadPoolExecutor.java:180)
	at java.util.concurrent.ScheduledThreadPoolExecutor$ScheduledFutureTask.run(ScheduledThreadPoolExecutor.java:293)
	at java.util.concurrent.ThreadPoolExecutor.runWorker(ThreadPoolExecutor.java:1142)
	at java.util.concurrent.ThreadPoolExecutor$Worker.run(ThreadPoolExecutor.java:617)
	at java.lang.Thread.run(Thread.java:748)
2019-10-29 16:19:39.320 [Curator-Framework-0] ERROR org.apache.curator.ConnectionState.checkTimeouts:228 - Connection timed out for connection string (192.168.200.129:2181) and timeout (15000) / elapsed (5835)
org.apache.curator.CuratorConnectionLossException: KeeperErrorCode = ConnectionLoss
	at org.apache.curator.ConnectionState.checkTimeouts(ConnectionState.java:225)
	at org.apache.curator.ConnectionState.getZooKeeper(ConnectionState.java:94)
	at org.apache.curator.CuratorZookeeperClient.getZooKeeper(CuratorZookeeperClient.java:117)
	at org.apache.curator.framework.imps.CuratorFrameworkImpl.performBackgroundOperation(CuratorFrameworkImpl.java:835)
	at org.apache.curator.framework.imps.CuratorFrameworkImpl.backgroundOperationsLoop(CuratorFrameworkImpl.java:809)
	at org.apache.curator.framework.imps.CuratorFrameworkImpl.access$300(CuratorFrameworkImpl.java:64)
	at org.apache.curator.framework.imps.CuratorFrameworkImpl$4.call(CuratorFrameworkImpl.java:267)
	at java.util.concurrent.FutureTask.run(FutureTask.java:266)
	at java.util.concurrent.ScheduledThreadPoolExecutor$ScheduledFutureTask.access$201(ScheduledThreadPoolExecutor.java:180)
	at java.util.concurrent.ScheduledThreadPoolExecutor$ScheduledFutureTask.run(ScheduledThreadPoolExecutor.java:293)
	at java.util.concurrent.ThreadPoolExecutor.runWorker(ThreadPoolExecutor.java:1142)
	at java.util.concurrent.ThreadPoolExecutor$Worker.run(ThreadPoolExecutor.java:617)
	at java.lang.Thread.run(Thread.java:748)
2019-10-29 16:21:48.750 [Curator-LeaderSelector-0] ERROR o.apache.curator.framework.recipes.leader.LeaderSelector.doWork:454 - The leader threw an exception
java.lang.InterruptedException: null
	at java.util.concurrent.locks.AbstractQueuedSynchronizer.tryAcquireSharedNanos(AbstractQueuedSynchronizer.java:1326)
	at java.util.concurrent.CountDownLatch.await(CountDownLatch.java:277)
	at org.apache.curator.CuratorZookeeperClient.internalBlockUntilConnectedOrTimedOut(CuratorZookeeperClient.java:336)
	at org.apache.curator.RetryLoop.callWithRetry(RetryLoop.java:107)
	at org.apache.curator.framework.imps.DeleteBuilderImpl.pathInForeground(DeleteBuilderImpl.java:241)
	at org.apache.curator.framework.imps.DeleteBuilderImpl.forPath(DeleteBuilderImpl.java:225)
	at org.apache.curator.framework.imps.DeleteBuilderImpl.forPath(DeleteBuilderImpl.java:35)
	at org.apache.curator.framework.recipes.locks.LockInternals.deleteOurPath(LockInternals.java:339)
	at org.apache.curator.framework.recipes.locks.LockInternals.releaseLock(LockInternals.java:123)
	at org.apache.curator.framework.recipes.locks.InterProcessMutex.release(InterProcessMutex.java:154)
	at org.apache.curator.framework.recipes.leader.LeaderSelector.doWork(LeaderSelector.java:449)
	at org.apache.curator.framework.recipes.leader.LeaderSelector.doWorkLoop(LeaderSelector.java:466)
	at org.apache.curator.framework.recipes.leader.LeaderSelector.access$100(LeaderSelector.java:65)
	at org.apache.curator.framework.recipes.leader.LeaderSelector$2.call(LeaderSelector.java:246)
	at org.apache.curator.framework.recipes.leader.LeaderSelector$2.call(LeaderSelector.java:240)
	at java.util.concurrent.FutureTask.run(FutureTask.java:266)
	at java.util.concurrent.Executors$RunnableAdapter.call(Executors.java:511)
	at java.util.concurrent.FutureTask.run(FutureTask.java:266)
	at java.util.concurrent.ThreadPoolExecutor.runWorker(ThreadPoolExecutor.java:1142)
	at java.util.concurrent.ThreadPoolExecutor$Worker.run(ThreadPoolExecutor.java:617)
	at java.lang.Thread.run(Thread.java:748)
2019-10-29 16:26:14.605 [Curator-LeaderSelector-0] ERROR o.apache.curator.framework.recipes.leader.LeaderSelector.doWork:454 - The leader threw an exception
java.lang.InterruptedException: null
	at java.util.concurrent.locks.AbstractQueuedSynchronizer.tryAcquireSharedNanos(AbstractQueuedSynchronizer.java:1326)
	at java.util.concurrent.CountDownLatch.await(CountDownLatch.java:277)
	at org.apache.curator.CuratorZookeeperClient.internalBlockUntilConnectedOrTimedOut(CuratorZookeeperClient.java:336)
	at org.apache.curator.RetryLoop.callWithRetry(RetryLoop.java:107)
	at org.apache.curator.framework.imps.DeleteBuilderImpl.pathInForeground(DeleteBuilderImpl.java:241)
	at org.apache.curator.framework.imps.DeleteBuilderImpl.forPath(DeleteBuilderImpl.java:225)
	at org.apache.curator.framework.imps.DeleteBuilderImpl.forPath(DeleteBuilderImpl.java:35)
	at org.apache.curator.framework.recipes.locks.LockInternals.deleteOurPath(LockInternals.java:339)
	at org.apache.curator.framework.recipes.locks.LockInternals.releaseLock(LockInternals.java:123)
	at org.apache.curator.framework.recipes.locks.InterProcessMutex.release(InterProcessMutex.java:154)
	at org.apache.curator.framework.recipes.leader.LeaderSelector.doWork(LeaderSelector.java:449)
	at org.apache.curator.framework.recipes.leader.LeaderSelector.doWorkLoop(LeaderSelector.java:466)
	at org.apache.curator.framework.recipes.leader.LeaderSelector.access$100(LeaderSelector.java:65)
	at org.apache.curator.framework.recipes.leader.LeaderSelector$2.call(LeaderSelector.java:246)
	at org.apache.curator.framework.recipes.leader.LeaderSelector$2.call(LeaderSelector.java:240)
	at java.util.concurrent.FutureTask.run(FutureTask.java:266)
	at java.util.concurrent.Executors$RunnableAdapter.call(Executors.java:511)
	at java.util.concurrent.FutureTask.run(FutureTask.java:266)
	at java.util.concurrent.ThreadPoolExecutor.runWorker(ThreadPoolExecutor.java:1142)
	at java.util.concurrent.ThreadPoolExecutor$Worker.run(ThreadPoolExecutor.java:617)
	at java.lang.Thread.run(Thread.java:748)
2019-10-29 16:26:47.134 [Curator-LeaderSelector-0] ERROR o.apache.curator.framework.recipes.leader.LeaderSelector.doWork:454 - The leader threw an exception
java.lang.InterruptedException: null
	at java.util.concurrent.locks.AbstractQueuedSynchronizer.tryAcquireSharedNanos(AbstractQueuedSynchronizer.java:1326)
	at java.util.concurrent.CountDownLatch.await(CountDownLatch.java:277)
	at org.apache.curator.CuratorZookeeperClient.internalBlockUntilConnectedOrTimedOut(CuratorZookeeperClient.java:336)
	at org.apache.curator.RetryLoop.callWithRetry(RetryLoop.java:107)
	at org.apache.curator.framework.imps.DeleteBuilderImpl.pathInForeground(DeleteBuilderImpl.java:241)
	at org.apache.curator.framework.imps.DeleteBuilderImpl.forPath(DeleteBuilderImpl.java:225)
	at org.apache.curator.framework.imps.DeleteBuilderImpl.forPath(DeleteBuilderImpl.java:35)
	at org.apache.curator.framework.recipes.locks.LockInternals.deleteOurPath(LockInternals.java:339)
	at org.apache.curator.framework.recipes.locks.LockInternals.releaseLock(LockInternals.java:123)
	at org.apache.curator.framework.recipes.locks.InterProcessMutex.release(InterProcessMutex.java:154)
	at org.apache.curator.framework.recipes.leader.LeaderSelector.doWork(LeaderSelector.java:449)
	at org.apache.curator.framework.recipes.leader.LeaderSelector.doWorkLoop(LeaderSelector.java:466)
	at org.apache.curator.framework.recipes.leader.LeaderSelector.access$100(LeaderSelector.java:65)
	at org.apache.curator.framework.recipes.leader.LeaderSelector$2.call(LeaderSelector.java:246)
	at org.apache.curator.framework.recipes.leader.LeaderSelector$2.call(LeaderSelector.java:240)
	at java.util.concurrent.FutureTask.run(FutureTask.java:266)
	at java.util.concurrent.Executors$RunnableAdapter.call(Executors.java:511)
	at java.util.concurrent.FutureTask.run(FutureTask.java:266)
	at java.util.concurrent.ThreadPoolExecutor.runWorker(ThreadPoolExecutor.java:1142)
	at java.util.concurrent.ThreadPoolExecutor$Worker.run(ThreadPoolExecutor.java:617)
	at java.lang.Thread.run(Thread.java:748)
