2019-10-29 15:39:53.228 [main] WARN  org.springframework.boot.actuate.endpoint.EndpointId.logWarning:135 - Endpoint ID 'service-registry' contains invalid characters, please migrate to a valid format.
2019-10-29 15:40:06.814 [main] WARN  org.apache.curator.CuratorZookeeperClient.<init>:96 - session timeout [5000] is less than connection timeout [15000]
2019-10-29 15:40:09.687 [main] WARN  com.netflix.config.sources.URLConfigurationSource.<init>:121 - No URLs will be polled as dynamic configuration sources.
2019-10-29 15:40:09.756 [main] WARN  com.netflix.config.sources.URLConfigurationSource.<init>:121 - No URLs will be polled as dynamic configuration sources.
2019-10-29 15:40:12.088 [main-SendThread(192.168.200.129:2181)] WARN  org.apache.zookeeper.ClientCnxn.run:1108 - Client session timed out, have not heard from server in 5005ms for sessionid 0x0
2019-10-29 15:40:22.879 [main] WARN  o.s.cloud.netflix.core.CoreAutoConfiguration.<init>:37 - This module is deprecated. It will be removed in the next major release. Please use spring-cloud-netflix-hystrix instead.
2019-10-29 16:12:04.008 [main] WARN  org.springframework.boot.actuate.endpoint.EndpointId.logWarning:135 - Endpoint ID 'service-registry' contains invalid characters, please migrate to a valid format.
2019-10-29 16:12:16.305 [main] WARN  org.apache.curator.CuratorZookeeperClient.<init>:96 - session timeout [5000] is less than connection timeout [15000]
2019-10-29 16:12:19.270 [main] WARN  com.netflix.config.sources.URLConfigurationSource.<init>:121 - No URLs will be polled as dynamic configuration sources.
2019-10-29 16:12:19.304 [main] WARN  com.netflix.config.sources.URLConfigurationSource.<init>:121 - No URLs will be polled as dynamic configuration sources.
2019-10-29 16:12:35.894 [main] WARN  o.s.cloud.netflix.core.CoreAutoConfiguration.<init>:37 - This module is deprecated. It will be removed in the next major release. Please use spring-cloud-netflix-hystrix instead.
2019-10-29 16:14:19.635 [main] WARN  org.springframework.boot.actuate.endpoint.EndpointId.logWarning:135 - Endpoint ID 'service-registry' contains invalid characters, please migrate to a valid format.
2019-10-29 16:14:26.253 [main] WARN  org.apache.curator.CuratorZookeeperClient.<init>:96 - session timeout [5000] is less than connection timeout [15000]
2019-10-29 16:14:28.450 [main] WARN  com.netflix.config.sources.URLConfigurationSource.<init>:121 - No URLs will be polled as dynamic configuration sources.
2019-10-29 16:14:28.464 [main] WARN  com.netflix.config.sources.URLConfigurationSource.<init>:121 - No URLs will be polled as dynamic configuration sources.
2019-10-29 16:14:40.887 [main] WARN  o.s.cloud.netflix.core.CoreAutoConfiguration.<init>:37 - This module is deprecated. It will be removed in the next major release. Please use spring-cloud-netflix-hystrix instead.
2019-10-29 16:16:11.786 [main] WARN  org.springframework.boot.actuate.endpoint.EndpointId.logWarning:135 - Endpoint ID 'service-registry' contains invalid characters, please migrate to a valid format.
2019-10-29 16:16:20.132 [main] WARN  org.apache.curator.CuratorZookeeperClient.<init>:96 - session timeout [5000] is less than connection timeout [15000]
2019-10-29 16:16:23.433 [scheduling-1] WARN  com.netflix.config.sources.URLConfigurationSource.<init>:121 - No URLs will be polled as dynamic configuration sources.
2019-10-29 16:16:24.148 [main] WARN  com.netflix.config.sources.URLConfigurationSource.<init>:121 - No URLs will be polled as dynamic configuration sources.
2019-10-29 16:16:44.709 [main] WARN  o.s.cloud.netflix.core.CoreAutoConfiguration.<init>:37 - This module is deprecated. It will be removed in the next major release. Please use spring-cloud-netflix-hystrix instead.
2019-10-29 16:16:52.463 [main-SendThread(192.168.200.129:2181)] WARN  org.apache.zookeeper.ClientCnxn.run:1108 - Client session timed out, have not heard from server in 5619ms for sessionid 0x100000538270004
2019-10-29 16:17:02.038 [main-SendThread(192.168.200.129:2181)] WARN  org.apache.zookeeper.ClientCnxn.onConnected:1285 - Unable to reconnect to ZooKeeper service, session 0x100000538270004 has expired
2019-10-29 16:17:02.040 [main-EventThread] WARN  org.apache.curator.ConnectionState.handleExpiredSession:336 - Session expired event received
2019-10-29 16:17:25.528 [main-SendThread(192.168.200.129:2181)] WARN  org.apache.zookeeper.ClientCnxn.run:1108 - Client session timed out, have not heard from server in 5529ms for sessionid 0x100000538270005
2019-10-29 16:17:27.626 [main-SendThread(192.168.200.129:2181)] WARN  org.apache.zookeeper.ClientCnxn.onConnected:1285 - Unable to reconnect to ZooKeeper service, session 0x100000538270005 has expired
2019-10-29 16:17:27.627 [main-EventThread] WARN  org.apache.curator.ConnectionState.handleExpiredSession:336 - Session expired event received
2019-10-29 16:17:52.811 [main] WARN  org.springframework.boot.actuate.endpoint.EndpointId.logWarning:135 - Endpoint ID 'service-registry' contains invalid characters, please migrate to a valid format.
2019-10-29 16:18:00.347 [main] WARN  org.apache.curator.CuratorZookeeperClient.<init>:96 - session timeout [5000] is less than connection timeout [15000]
2019-10-29 16:18:02.784 [main] WARN  com.netflix.config.sources.URLConfigurationSource.<init>:121 - No URLs will be polled as dynamic configuration sources.
2019-10-29 16:18:02.800 [main] WARN  com.netflix.config.sources.URLConfigurationSource.<init>:121 - No URLs will be polled as dynamic configuration sources.
2019-10-29 16:18:17.125 [main] WARN  o.s.cloud.netflix.core.CoreAutoConfiguration.<init>:37 - This module is deprecated. It will be removed in the next major release. Please use spring-cloud-netflix-hystrix instead.
2019-10-29 16:18:23.666 [main-SendThread(192.168.200.129:2181)] WARN  org.apache.zookeeper.ClientCnxn.run:1108 - Client session timed out, have not heard from server in 4585ms for sessionid 0x100000538270007
2019-10-29 16:18:55.993 [main-SendThread(192.168.200.129:2181)] WARN  org.apache.zookeeper.ClientCnxn.onConnected:1285 - Unable to reconnect to ZooKeeper service, session 0x100000538270007 has expired
2019-10-29 16:18:56.033 [main-EventThread] WARN  org.apache.curator.ConnectionState.handleExpiredSession:336 - Session expired event received
2019-10-29 16:19:29.130 [main-SendThread(192.168.200.129:2181)] WARN  org.apache.zookeeper.ClientCnxn.run:1108 - Client session timed out, have not heard from server in 22721ms for sessionid 0x100000538270008
2019-10-29 16:19:39.317 [main-SendThread(192.168.200.129:2181)] WARN  org.apache.zookeeper.ClientCnxn.onConnected:1285 - Unable to reconnect to ZooKeeper service, session 0x100000538270008 has expired
2019-10-29 16:19:39.319 [main-EventThread] WARN  org.apache.curator.ConnectionState.handleExpiredSession:336 - Session expired event received
2019-10-29 16:20:52.349 [main] WARN  org.springframework.boot.actuate.endpoint.EndpointId.logWarning:135 - Endpoint ID 'service-registry' contains invalid characters, please migrate to a valid format.
2019-10-29 16:20:59.736 [main] WARN  org.apache.curator.CuratorZookeeperClient.<init>:96 - session timeout [5000] is less than connection timeout [15000]
2019-10-29 16:21:03.209 [scheduling-1] WARN  com.netflix.config.sources.URLConfigurationSource.<init>:121 - No URLs will be polled as dynamic configuration sources.
2019-10-29 16:21:03.720 [main] WARN  com.netflix.config.sources.URLConfigurationSource.<init>:121 - No URLs will be polled as dynamic configuration sources.
2019-10-29 16:21:16.750 [main] WARN  o.s.cloud.netflix.core.CoreAutoConfiguration.<init>:37 - This module is deprecated. It will be removed in the next major release. Please use spring-cloud-netflix-hystrix instead.
2019-10-29 16:21:48.630 [main-SendThread(192.168.200.129:2181)] WARN  org.apache.zookeeper.ClientCnxn.run:1108 - Client session timed out, have not heard from server in 17688ms for sessionid 0x10000053827000a
2019-10-29 16:25:02.850 [main] WARN  org.springframework.boot.actuate.endpoint.EndpointId.logWarning:135 - Endpoint ID 'service-registry' contains invalid characters, please migrate to a valid format.
2019-10-29 16:25:12.255 [main] WARN  org.apache.curator.CuratorZookeeperClient.<init>:96 - session timeout [5000] is less than connection timeout [15000]
2019-10-29 16:25:16.519 [scheduling-1] WARN  com.netflix.config.sources.URLConfigurationSource.<init>:121 - No URLs will be polled as dynamic configuration sources.
2019-10-29 16:25:17.170 [main] WARN  com.netflix.config.sources.URLConfigurationSource.<init>:121 - No URLs will be polled as dynamic configuration sources.
2019-10-29 16:25:32.226 [main] WARN  o.s.cloud.netflix.core.CoreAutoConfiguration.<init>:37 - This module is deprecated. It will be removed in the next major release. Please use spring-cloud-netflix-hystrix instead.
2019-10-29 16:25:47.566 [main-SendThread(192.168.200.129:2181)] WARN  org.apache.zookeeper.ClientCnxn.run:1108 - Client session timed out, have not heard from server in 13186ms for sessionid 0x10000053827000b
2019-10-29 16:26:13.115 [Curator-Framework-0] WARN  org.apache.curator.ConnectionState.checkTimeouts:219 - Connection attempt unsuccessful after 15414 (greater than max timeout of 15000). Resetting connection and trying again with a new connection.
2019-10-29 16:26:13.117 [main-SendThread(192.168.200.129:2181)] WARN  org.apache.zookeeper.ClientCnxn.run:1108 - Client session timed out, have not heard from server in 15417ms for sessionid 0x10000053827000b
2019-10-29 16:26:32.480 [Curator-Framework-0-SendThread(192.168.200.129:2181)] WARN  org.apache.zookeeper.ClientCnxn.run:1108 - Client session timed out, have not heard from server in 6660ms for sessionid 0x10000053827000c
2019-10-29 16:27:26.309 [main] WARN  org.springframework.boot.actuate.endpoint.EndpointId.logWarning:135 - Endpoint ID 'service-registry' contains invalid characters, please migrate to a valid format.
2019-10-29 16:27:34.237 [main] WARN  org.apache.curator.CuratorZookeeperClient.<init>:96 - session timeout [5000] is less than connection timeout [15000]
2019-10-29 16:27:38.699 [scheduling-1] WARN  com.netflix.config.sources.URLConfigurationSource.<init>:121 - No URLs will be polled as dynamic configuration sources.
2019-10-29 16:27:39.277 [main] WARN  com.netflix.config.sources.URLConfigurationSource.<init>:121 - No URLs will be polled as dynamic configuration sources.
2019-10-29 16:27:58.157 [main] WARN  o.s.cloud.netflix.core.CoreAutoConfiguration.<init>:37 - This module is deprecated. It will be removed in the next major release. Please use spring-cloud-netflix-hystrix instead.
2019-10-29 16:46:10.919 [main] WARN  org.springframework.boot.actuate.endpoint.EndpointId.logWarning:135 - Endpoint ID 'service-registry' contains invalid characters, please migrate to a valid format.
2019-10-29 16:46:18.192 [main] WARN  org.apache.curator.CuratorZookeeperClient.<init>:96 - session timeout [5000] is less than connection timeout [15000]
2019-10-29 16:46:21.169 [scheduling-1] WARN  com.netflix.config.sources.URLConfigurationSource.<init>:121 - No URLs will be polled as dynamic configuration sources.
2019-10-29 16:46:21.544 [main] WARN  com.netflix.config.sources.URLConfigurationSource.<init>:121 - No URLs will be polled as dynamic configuration sources.
2019-10-29 16:46:37.367 [main] WARN  o.s.cloud.netflix.core.CoreAutoConfiguration.<init>:37 - This module is deprecated. It will be removed in the next major release. Please use spring-cloud-netflix-hystrix instead.
2019-10-29 17:05:04.738 [main] WARN  org.springframework.boot.actuate.endpoint.EndpointId.logWarning:135 - Endpoint ID 'service-registry' contains invalid characters, please migrate to a valid format.
2019-10-29 17:05:18.254 [main] WARN  org.apache.curator.CuratorZookeeperClient.<init>:96 - session timeout [5000] is less than connection timeout [15000]
2019-10-29 17:05:23.074 [scheduling-1] WARN  com.netflix.config.sources.URLConfigurationSource.<init>:121 - No URLs will be polled as dynamic configuration sources.
2019-10-29 17:05:23.756 [main] WARN  com.netflix.config.sources.URLConfigurationSource.<init>:121 - No URLs will be polled as dynamic configuration sources.
2019-10-29 17:05:38.629 [main] WARN  o.s.cloud.netflix.core.CoreAutoConfiguration.<init>:37 - This module is deprecated. It will be removed in the next major release. Please use spring-cloud-netflix-hystrix instead.
2019-10-29 21:02:27.210 [main] WARN  org.springframework.boot.actuate.endpoint.EndpointId.logWarning:135 - Endpoint ID 'service-registry' contains invalid characters, please migrate to a valid format.
2019-10-29 21:02:37.694 [main] WARN  org.apache.curator.CuratorZookeeperClient.<init>:96 - session timeout [5000] is less than connection timeout [15000]
2019-10-29 21:02:45.565 [scheduling-1] WARN  com.netflix.config.sources.URLConfigurationSource.<init>:121 - No URLs will be polled as dynamic configuration sources.
2019-10-29 21:02:46.275 [main] WARN  com.netflix.config.sources.URLConfigurationSource.<init>:121 - No URLs will be polled as dynamic configuration sources.
2019-10-29 21:03:00.168 [main] WARN  o.s.b.a.freemarker.FreeMarkerAutoConfiguration.checkTemplateLocationExists:70 - Cannot find template location(s): [classpath:/templates/] (please add some templates, check your FreeMarker configuration, or set spring.freemarker.checkTemplateLocation=false)
2019-10-29 21:03:04.041 [main] WARN  o.s.cloud.netflix.core.CoreAutoConfiguration.<init>:37 - This module is deprecated. It will be removed in the next major release. Please use spring-cloud-netflix-hystrix instead.
2019-10-29 21:03:52.515 [main] WARN  org.springframework.boot.actuate.endpoint.EndpointId.logWarning:135 - Endpoint ID 'service-registry' contains invalid characters, please migrate to a valid format.
2019-10-29 21:04:06.285 [main] WARN  org.apache.curator.CuratorZookeeperClient.<init>:96 - session timeout [5000] is less than connection timeout [15000]
2019-10-29 21:04:09.646 [scheduling-1] WARN  com.netflix.config.sources.URLConfigurationSource.<init>:121 - No URLs will be polled as dynamic configuration sources.
2019-10-29 21:04:10.065 [main] WARN  com.netflix.config.sources.URLConfigurationSource.<init>:121 - No URLs will be polled as dynamic configuration sources.
2019-10-29 21:04:20.250 [main] WARN  o.s.b.a.freemarker.FreeMarkerAutoConfiguration.checkTemplateLocationExists:70 - Cannot find template location(s): [classpath:/templates/] (please add some templates, check your FreeMarker configuration, or set spring.freemarker.checkTemplateLocation=false)
2019-10-29 21:04:24.675 [main] WARN  o.s.cloud.netflix.core.CoreAutoConfiguration.<init>:37 - This module is deprecated. It will be removed in the next major release. Please use spring-cloud-netflix-hystrix instead.
